<?xml version="1.0" encoding="UTF-8"?>
<testsuite xmlns:xsi="http://www.w3.org/2001/XMLSchema-instance" xsi:noNamespaceSchemaLocation="https://maven.apache.org/surefire/maven-surefire-plugin/xsd/surefire-test-report.xsd" version="3.0.2" name="com.example.eureka_server.EurekaServerApplicationTests" time="13.203" tests="1" errors="0" skipped="0" failures="0">
  <properties>
[...]
</properties>
  <testcase name="contextLoads" classname="com.example.eureka_server.EurekaServerApplicationTests" time="0.65">
    <system-out><![CDATA[Standard Commons Logging discovery in action with spring-jcl: please remove commons-logging.jar from classpath in order to avoid potential conflicts
11:29:01.806 [main] INFO org.springframework.test.context.support.AnnotationConfigContextLoaderUtils -- Could not detect default configuration classes for test class [com.example.eureka_server.EurekaServerApplicationTests]: EurekaServerApplicationTests does not declare any static, non-private, non-final, nested classes annotated with @Configuration.
11:29:01.925 [main] INFO org.springframework.boot.test.context.SpringBootTestContextBootstrapper -- Found @SpringBootConfiguration com.example.eureka_server.EurekaServerApplication for test class com.example.eureka_server.EurekaServerApplicationTests

  .   ____          _            __ _ _
 /\\ / ___'_ __ _ _(_)_ __  __ _ \ \ \ \
( ( )\___ | '_ | '_| | '_ \/ _` | \ \ \ \
 \\/  ___)| |_)| | | | | || (_| |  ) ) ) )
  '  |____| .__|_| |_|_| |_\__, | / / / /
 =========|_|==============|___/=/_/_/_/

 :: Spring Boot ::                (v3.4.3)

2025-04-11T11:29:03.896+05:30  INFO 6732 --- [eureka_server] [           main] c.e.e.EurekaServerApplicationTests       : Starting EurekaServerApplicationTests using Java 23.0.2 with PID 6732 (started by Nitya Shah in C:\B108_Spring_MSA\FinanceTracker\eureka_server)
2025-04-11T11:29:03.898+05:30  INFO 6732 --- [eureka_server] [           main] c.e.e.EurekaServerApplicationTests       : The following 1 profile is active: "default"
2025-04-11T11:29:05.326+05:30  INFO 6732 --- [eureka_server] [           main] .s.d.r.c.RepositoryConfigurationDelegate : Bootstrapping Spring Data JPA repositories in DEFAULT mode.
2025-04-11T11:29:05.356+05:30  INFO 6732 --- [eureka_server] [           main] .s.d.r.c.RepositoryConfigurationDelegate : Finished Spring Data repository scanning in 18 ms. Found 0 JPA repository interfaces.
2025-04-11T11:29:05.790+05:30  INFO 6732 --- [eureka_server] [           main] o.s.cloud.context.scope.GenericScope     : BeanFactory id=36d33bea-b03c-3fee-a60d-16d4f69b8fc6
2025-04-11T11:29:06.796+05:30  INFO 6732 --- [eureka_server] [           main] o.hibernate.jpa.internal.util.LogHelper  : HHH000204: Processing PersistenceUnitInfo [name: default]
2025-04-11T11:29:06.912+05:30  INFO 6732 --- [eureka_server] [           main] org.hibernate.Version                    : HHH000412: Hibernate ORM core version 6.6.8.Final
2025-04-11T11:29:06.972+05:30  INFO 6732 --- [eureka_server] [           main] o.h.c.internal.RegionFactoryInitiator    : HHH000026: Second-level cache disabled
2025-04-11T11:29:07.354+05:30  INFO 6732 --- [eureka_server] [           main] o.s.o.j.p.SpringPersistenceUnitInfo      : No LoadTimeWeaver setup: ignoring JPA class transformer
2025-04-11T11:29:07.385+05:30  INFO 6732 --- [eureka_server] [           main] com.zaxxer.hikari.HikariDataSource       : HikariPool-1 - Starting...
2025-04-11T11:29:07.801+05:30  INFO 6732 --- [eureka_server] [           main] com.zaxxer.hikari.pool.HikariPool        : HikariPool-1 - Added connection com.mysql.cj.jdbc.ConnectionImpl@8ee1404
2025-04-11T11:29:07.804+05:30  INFO 6732 --- [eureka_server] [           main] com.zaxxer.hikari.HikariDataSource       : HikariPool-1 - Start completed.
2025-04-11T11:29:07.912+05:30  INFO 6732 --- [eureka_server] [           main] org.hibernate.orm.connections.pooling    : HHH10001005: Database info:
	Database JDBC URL [Connecting through datasource 'HikariDataSource (HikariPool-1)']
	Database driver: undefined/unknown
	Database version: 8.0.36
	Autocommit mode: undefined/unknown
	Isolation level: undefined/unknown
	Minimum pool size: undefined/unknown
	Maximum pool size: undefined/unknown
2025-04-11T11:29:08.435+05:30  INFO 6732 --- [eureka_server] [           main] o.h.e.t.j.p.i.JtaPlatformInitiator       : HHH000489: No JTA platform available (set 'hibernate.transaction.jta.platform' to enable JTA platform integration)
2025-04-11T11:29:08.451+05:30  INFO 6732 --- [eureka_server] [           main] j.LocalContainerEntityManagerFactoryBean : Initialized JPA EntityManagerFactory for persistence unit 'default'
2025-04-11T11:29:08.885+05:30  WARN 6732 --- [eureka_server] [           main] JpaBaseConfiguration$JpaWebConfiguration : spring.jpa.open-in-view is enabled by default. Therefore, database queries may be performed during view rendering. Explicitly configure spring.jpa.open-in-view to disable this warning
2025-04-11T11:29:09.125+05:30  INFO 6732 --- [eureka_server] [           main] o.s.v.b.OptionalValidatorFactoryBean     : Failed to set up a Bean Validation provider: jakarta.validation.NoProviderFoundException: Unable to create a Configuration, because no Jakarta Bean Validation provider could be found. Add a provider like Hibernate Validator (RI) to your classpath.
2025-04-11T11:29:11.756+05:30  INFO 6732 --- [eureka_server] [           main] o.s.cloud.commons.util.InetUtils         : Cannot determine local hostname
2025-04-11T11:29:12.805+05:30  INFO 6732 --- [eureka_server] [           main] o.s.cloud.commons.util.InetUtils         : Cannot determine local hostname
2025-04-11T11:29:13.009+05:30  WARN 6732 --- [eureka_server] [           main] iguration$LoadBalancerCaffeineWarnLogger : Spring Cloud LoadBalancer is currently working with the default cache. While this cache implementation is useful for development and tests, it's recommended to use Caffeine cache in production.You can switch to using Caffeine cache, by adding it and org.springframework.cache.caffeine.CaffeineCacheManager to the classpath.
2025-04-11T11:29:13.400+05:30  INFO 6732 --- [eureka_server] [           main] o.s.c.n.eureka.InstanceInfoFactory       : Setting initial instance status as: STARTING
2025-04-11T11:29:13.427+05:30  INFO 6732 --- [eureka_server] [           main] com.netflix.discovery.DiscoveryClient    : Initializing Eureka in region us-east-1
2025-04-11T11:29:13.427+05:30  INFO 6732 --- [eureka_server] [           main] com.netflix.discovery.DiscoveryClient    : Client configured to neither register nor query for data.
2025-04-11T11:29:13.430+05:30  INFO 6732 --- [eureka_server] [           main] com.netflix.discovery.DiscoveryClient    : Discovery Client initialized at timestamp 1744351153429 with initial instances count: 0
2025-04-11T11:29:13.517+05:30  INFO 6732 --- [eureka_server] [           main] c.n.eureka.DefaultEurekaServerContext    : Initializing ...
2025-04-11T11:29:13.522+05:30  WARN 6732 --- [eureka_server] [           main] c.n.eureka.cluster.PeerEurekaNodes       : The replica size seems to be empty. Check the route 53 DNS Registry
2025-04-11T11:29:13.535+05:30  INFO 6732 --- [eureka_server] [           main] c.n.e.registry.AbstractInstanceRegistry  : Finished initializing remote region registries. All known remote regions: []
2025-04-11T11:29:13.535+05:30  INFO 6732 --- [eureka_server] [           main] c.n.eureka.DefaultEurekaServerContext    : Initialized
2025-04-11T11:29:13.710+05:30  INFO 6732 --- [eureka_server] [           main] o.s.b.a.e.web.EndpointLinksResolver      : Exposing 1 endpoint beneath base path '/actuator'
2025-04-11T11:29:13.898+05:30  INFO 6732 --- [eureka_server] [           main] o.s.c.n.e.s.EurekaServiceRegistry        : Registering application EUREKA_SERVER with eureka with status UP
2025-04-11T11:29:13.923+05:30  INFO 6732 --- [eureka_server] [      Thread-11] o.s.c.n.e.server.EurekaServerBootstrap   : isAws returned false
2025-04-11T11:29:13.925+05:30  INFO 6732 --- [eureka_server] [      Thread-11] o.s.c.n.e.server.EurekaServerBootstrap   : Initialized server context
2025-04-11T11:29:13.925+05:30  INFO 6732 --- [eureka_server] [      Thread-11] c.n.e.r.PeerAwareInstanceRegistryImpl    : Got 1 instances from neighboring DS node
2025-04-11T11:29:13.926+05:30  INFO 6732 --- [eureka_server] [      Thread-11] c.n.e.r.PeerAwareInstanceRegistryImpl    : Renew threshold is: 1
2025-04-11T11:29:13.927+05:30  INFO 6732 --- [eureka_server] [      Thread-11] c.n.e.r.PeerAwareInstanceRegistryImpl    : Changing status to UP
2025-04-11T11:29:13.931+05:30  INFO 6732 --- [eureka_server] [      Thread-11] e.s.EurekaServerInitializerConfiguration : Started Eureka Server
2025-04-11T11:29:13.935+05:30  INFO 6732 --- [eureka_server] [           main] c.e.e.EurekaServerApplicationTests       : Started EurekaServerApplicationTests in 11.553 seconds (process running for 13.168)
]]></system-out>
    <system-err><![CDATA[Mockito is currently self-attaching to enable the inline-mock-maker. This will no longer work in future releases of the JDK. Please add Mockito as an agent to your build what is described in Mockito's documentation: https://javadoc.io/doc/org.mockito/mockito-core/latest/org/mockito/Mockito.html#0.3
WARNING: A Java agent has been loaded dynamically (C:\Users\Nitya Shah\.m2\repository\net\bytebuddy\byte-buddy-agent\1.15.11\byte-buddy-agent-1.15.11.jar)
WARNING: If a serviceability tool is in use, please run with -XX:+EnableDynamicAgentLoading to hide this warning
WARNING: If a serviceability tool is not in use, please run with -Djdk.instrument.traceUsage for more information
WARNING: Dynamic loading of agents will be disallowed by default in a future release
]]></system-err>
  </testcase>
</testsuite>